flutter/flutter_jdshop_mvvm/build/app/intermediates/manifest_merge_blame_file/debug/manifest-merger-blame-debug-report.txt
1<?xml version="1.0" encoding="utf-8"?>
2<manifest xmlns:android="http://schemas.android.com/apk/res/android"
3    package="com.ityu.flutterjdshop"
4    android:versionCode="1"
5    android:versionName="1.0.0" >
6
7    <uses-sdk
8        android:minSdkVersion="24"
9        android:targetSdkVersion="28" />
10    <!--
11         Flutter needs it to communicate with the running application
12         to allow setting breakpoints, to provide hot reload, etc.
13    -->
14    <uses-permission android:name="android.permission.INTERNET" />
14-->src/main/AndroidManifest.xml:9:5-67
14-->src/main/AndroidManifest.xml:9:22-64
15    <!--
16     io.flutter.app.FlutterApplication is an android.app.Application that
17         calls FlutterMain.startInitialization(this); in its onCreate method.
18         In most cases you can leave this as-is, but you if you want to provide
19         additional functionality it is fine to subclass or reimplement
20         FlutterApplication and put your custom class here.
21    -->
22    <uses-permission android:name="android.permission.CAMERA" />
22-->src/main/AndroidManifest.xml:8:5-65
22-->src/main/AndroidManifest.xml:8:22-62
23    <uses-permission android:name="android.permission.READ_EXTERNAL_STORAGE" />
23-->[:image_picker] AndroidManifest.xml:7:5-80
23-->[:image_picker] AndroidManifest.xml:7:22-77
24    <uses-permission android:name="android.permission.WRITE_EXTERNAL_STORAGE" />
24-->[:image_picker] AndroidManifest.xml:8:5-81
24-->[:image_picker] AndroidManifest.xml:8:22-78
25    <uses-permission android:name="android.permission.REQUEST_INSTALL_PACKAGES" />
25-->[:open_file] AndroidManifest.xml:8:5-83
25-->[:open_file] AndroidManifest.xml:8:22-80
26    <uses-permission android:name="android.permission.ACCESS_NETWORK_STATE" />
26-->[:connectivity] AndroidManifest.xml:7:5-79
26-->[:connectivity] AndroidManifest.xml:7:22-76
27    <uses-permission android:name="android.permission.ACCESS_WIFI_STATE" />
27-->[:connectivity] AndroidManifest.xml:8:5-76
27-->[:connectivity] AndroidManifest.xml:8:22-73
28
29    <application
29-->src/main/AndroidManifest.xml:11:5-43:19
30        android:name="io.flutter.app.FlutterApplication"
30-->src/main/AndroidManifest.xml:12:9-57
31        android:appComponentFactory="androidx.core.app.CoreComponentFactory"
31-->[androidx.core:core:1.1.0] AndroidManifest.xml:24:18-86
32        android:debuggable="true"
33        android:icon="@mipmap/ic_launcher"
33-->src/main/AndroidManifest.xml:13:9-43
34        android:label="flutterjdshop"
34-->src/main/AndroidManifest.xml:14:9-38
35        android:networkSecurityConfig="@xml/network_security_config" >
35-->src/main/AndroidManifest.xml:15:9-69
36        <activity
36-->src/main/AndroidManifest.xml:16:9-27:20
37            android:name="com.ityu.flutterjdshop.MainActivity"
37-->src/main/AndroidManifest.xml:17:13-41
38            android:configChanges="orientation|keyboardHidden|keyboard|screenSize|smallestScreenSize|locale|layoutDirection|fontScale|screenLayout|density|uiMode"
38-->src/main/AndroidManifest.xml:18:13-163
39            android:hardwareAccelerated="true"
39-->src/main/AndroidManifest.xml:19:13-47
40            android:launchMode="singleTop"
40-->src/main/AndroidManifest.xml:20:13-43
41            android:theme="@style/LaunchTheme"
41-->src/main/AndroidManifest.xml:21:13-47
42            android:windowSoftInputMode="adjustResize" >
42-->src/main/AndroidManifest.xml:22:13-55
43            <intent-filter>
43-->src/main/AndroidManifest.xml:23:13-26:29
44                <action android:name="android.intent.action.MAIN" />
44-->src/main/AndroidManifest.xml:24:17-69
44-->src/main/AndroidManifest.xml:24:25-66
45
46                <category android:name="android.intent.category.LAUNCHER" />
46-->src/main/AndroidManifest.xml:25:17-77
46-->src/main/AndroidManifest.xml:25:27-74
47            </intent-filter>
48        </activity>
49        <!--
50             Don't delete the meta-data below.
51             This is used by the Flutter tool to generate GeneratedPluginRegistrant.java
52        -->
53        <meta-data
53-->src/main/AndroidManifest.xml:30:9-32:33
54            android:name="flutterEmbedding"
54-->src/main/AndroidManifest.xml:31:13-44
55            android:value="2" />
55-->src/main/AndroidManifest.xml:32:13-30
56        <!-- 兼容7.0 -->
57        <provider
58            android:name="com.ityu.flutterjdshop.JDPickerProvider"
59            android:authorities="com.ityu.flutterjdshop.FileProvider"
60            android:exported="false"
61            android:grantUriPermissions="true" >
62            <meta-data
62-->[:image_picker] AndroidManifest.xml:16:13-18:75
63                android:name="android.support.FILE_PROVIDER_PATHS"
63-->[:image_picker] AndroidManifest.xml:17:17-67
64                android:resource="@xml/file_paths" />
64-->[:image_picker] AndroidManifest.xml:18:17-72
65        </provider>
66        <provider
66-->[:image_picker] AndroidManifest.xml:11:9-19:20
67            android:name="io.flutter.plugins.imagepicker.ImagePickerFileProvider"
67-->[:image_picker] AndroidManifest.xml:12:13-82
68            android:authorities="com.ityu.flutterjdshop.flutter.image_provider"
68-->[:image_picker] AndroidManifest.xml:13:13-74
69            android:exported="false"
69-->[:image_picker] AndroidManifest.xml:14:13-37
70            android:grantUriPermissions="true" >
70-->[:image_picker] AndroidManifest.xml:15:13-47
71            <meta-data
71-->[:image_picker] AndroidManifest.xml:16:13-18:75
72                android:name="android.support.FILE_PROVIDER_PATHS"
72-->[:image_picker] AndroidManifest.xml:17:17-67
73                android:resource="@xml/flutter_image_picker_file_paths" />
73-->[:image_picker] AndroidManifest.xml:18:17-72
74        </provider>
75
76        <activity android:name="de.mintware.barcode_scan.BarcodeScannerActivity" />
76-->[:barcode_scan] AndroidManifest.xml:10:9-84
76-->[:barcode_scan] AndroidManifest.xml:10:19-81
77        <activity
77-->[:url_launcher] AndroidManifest.xml:8:9-11:74
78            android:name="io.flutter.plugins.urllauncher.WebViewActivity"
78-->[:url_launcher] AndroidManifest.xml:9:13-74
79            android:exported="false"
79-->[:url_launcher] AndroidManifest.xml:10:13-37
80            android:theme="@android:style/Theme.NoTitleBar.Fullscreen" />
80-->[:url_launcher] AndroidManifest.xml:11:13-71
81
82        <provider
82-->[:open_file] AndroidManifest.xml:12:9-21:20
83            android:name="androidx.core.content.FileProvider"
83-->[:open_file] AndroidManifest.xml:13:13-62
84            android:authorities="com.ityu.flutterjdshop.fileProvider"
84-->[:open_file] AndroidManifest.xml:14:13-64
85            android:exported="false"
85-->[:open_file] AndroidManifest.xml:15:13-37
86            android:grantUriPermissions="true" >
86-->[:open_file] AndroidManifest.xml:16:13-47
87            <meta-data
87-->[:image_picker] AndroidManifest.xml:16:13-18:75
88                android:name="android.support.FILE_PROVIDER_PATHS"
88-->[:image_picker] AndroidManifest.xml:17:17-67
89                android:resource="@xml/filepaths" />
89-->[:image_picker] AndroidManifest.xml:18:17-72
90        </provider>
91    </application>
92
93</manifest>